{"name": "test_product_view_sku", "status": "broken", "statusDetails": {"message": "selenium.common.exceptions.NoSuchElementException: Message: no such element: Unable to locate element: {\"method\":\"css selector\",\"selector\":\"[class*=\"post-11340\"]\"}\n  (Session info: chrome=124.0.6367.92); For documentation on this error, please visit: https://www.selenium.dev/documentation/webdriver/troubleshooting/errors#no-such-element-exception\nStacktrace:\n\tGetHandleVerifier [0x00007FF731171502+60802]\n\t(No symbol) [0x00007FF7310EAC02]\n\t(No symbol) [0x00007FF730FA7CE4]\n\t(No symbol) [0x00007FF730FF6D4D]\n\t(No symbol) [0x00007FF730FF6E1C]\n\t(No symbol) [0x00007FF73103CE37]\n\t(No symbol) [0x00007FF73101ABBF]\n\t(No symbol) [0x00007FF73103A224]\n\t(No symbol) [0x00007FF73101A923]\n\t(No symbol) [0x00007FF730FE8FEC]\n\t(No symbol) [0x00007FF730FE9C21]\n\tGetHandleVerifier [0x00007FF73147411D+3217821]\n\tGetHandleVerifier [0x00007FF7314B60B7+3488055]\n\tGetHandleVerifier [0x00007FF7314AF03F+3459263]\n\tGetHandleVerifier [0x00007FF73122B846+823494]\n\t(No symbol) [0x00007FF7310F5F9F]\n\t(No symbol) [0x00007FF7310F0EC4]\n\t(No symbol) [0x00007FF7310F1052]\n\t(No symbol) [0x00007FF7310E18A4]\n\tBaseThreadInitThunk [0x00007FFCF14B7344+20]\n\tRtlUserThreadStart [0x00007FFCF1D626B1+33]", "trace": "def test_product_view_sku():\n        \"\"\"\n        Test case WERT-1\n        \"\"\"\n    \t\t# Описываем опции запуска браузера\n        chrome_options = Options()\n        chrome_options.add_argument(\"start-maximized\") # открываем на полный экран\n        chrome_options.add_argument(\"--disable-infobars\") # отключаем инфо сообщения\n        chrome_options.add_argument(\"--disable-extensions\") # отключаем расширения\n        # chrome_options.add_argument(\"--headless\") # спец. режим \"без браузера\"\n    \n    \t\t# устанавливаем webdriver в соответствии с версией используемого браузера\n        service = Service()\n        # запускаем браузер с указанными выше настройками\n        driver = webdriver.Chrome(service=service, options=chrome_options)\n    \t\t# определяем адрес страницы для теста и переходим на неё\n        url = \"https://testqastudio.me/\"\n        driver.get(url=url)\n    \t\t# ищем по селектору элемент меню \"Бестселлеры\" и кликаем по нему\n        element = driver.find_element(by=By.CSS_SELECTOR, value=\"[class*='tab-best_sellers']\")\n        element.click()\n    \t\t# ищем по селектору карточку \"ДИВВИНА Журнальный столик\" и кликаем по нему,\n        # чтобы просмотреть детали\n>       element = driver.find_element(by=By.CSS_SELECTOR, value='[class*=\"post-11340\"]')\n\ntests\\test_smoke.py:33: \n_ _ _ _ _ _ _ _ _ _ _ _ _ _ _ _ _ _ _ _ _ _ _ _ _ _ _ _ _ _ _ _ _ _ _ _ _ _ _ _ _ _ _ _ _ _ _ _ _ _ _ _ _ _ _ _ _ _ _ _ _ _ _ _ _ _ _ _ _ _ _ _ _ _ _ _ _ _ _ _ _ _ _ _ _ _ _ _ _ _ _ _ _ _ _ \n..\\..\\AppData\\Local\\Programs\\Python\\Python312\\Lib\\site-packages\\selenium\\webdriver\\remote\\webdriver.py:741: in find_element\n    return self.execute(Command.FIND_ELEMENT, {\"using\": by, \"value\": value})[\"value\"]\n..\\..\\AppData\\Local\\Programs\\Python\\Python312\\Lib\\site-packages\\selenium\\webdriver\\remote\\webdriver.py:347: in execute\n    self.error_handler.check_response(response)\n_ _ _ _ _ _ _ _ _ _ _ _ _ _ _ _ _ _ _ _ _ _ _ _ _ _ _ _ _ _ _ _ _ _ _ _ _ _ _ _ _ _ _ _ _ _ _ _ _ _ _ _ _ _ _ _ _ _ _ _ _ _ _ _ _ _ _ _ _ _ _ _ _ _ _ _ _ _ _ _ _ _ _ _ _ _ _ _ _ _ _ _ _ _ _ \n\nself = <selenium.webdriver.remote.errorhandler.ErrorHandler object at 0x0000028E6A7A1130>\nresponse = {'status': 404, 'value': '{\"value\":{\"error\":\"no such element\",\"message\":\"no such element: Unable to locate element: {\\...07FF7310E18A4]\\\\n\\\\tBaseThreadInitThunk [0x00007FFCF14B7344+20]\\\\n\\\\tRtlUserThreadStart [0x00007FFCF1D626B1+33]\\\\n\"}}'}\n\n    def check_response(self, response: Dict[str, Any]) -> None:\n        \"\"\"Checks that a JSON response from the WebDriver does not have an\n        error.\n    \n        :Args:\n         - response - The JSON response from the WebDriver server as a dictionary\n           object.\n    \n        :Raises: If the response contains an error message.\n        \"\"\"\n        status = response.get(\"status\", None)\n        if not status or status == ErrorCode.SUCCESS:\n            return\n        value = None\n        message = response.get(\"message\", \"\")\n        screen: str = response.get(\"screen\", \"\")\n        stacktrace = None\n        if isinstance(status, int):\n            value_json = response.get(\"value\", None)\n            if value_json and isinstance(value_json, str):\n                import json\n    \n                try:\n                    value = json.loads(value_json)\n                    if len(value) == 1:\n                        value = value[\"value\"]\n                    status = value.get(\"error\", None)\n                    if not status:\n                        status = value.get(\"status\", ErrorCode.UNKNOWN_ERROR)\n                        message = value.get(\"value\") or value.get(\"message\")\n                        if not isinstance(message, str):\n                            value = message\n                            message = message.get(\"message\")\n                    else:\n                        message = value.get(\"message\", None)\n                except ValueError:\n                    pass\n    \n        exception_class: Type[WebDriverException]\n        e = ErrorCode()\n        error_codes = [item for item in dir(e) if not item.startswith(\"__\")]\n        for error_code in error_codes:\n            error_info = getattr(ErrorCode, error_code)\n            if isinstance(error_info, list) and status in error_info:\n                exception_class = getattr(ExceptionMapping, error_code, WebDriverException)\n                break\n        else:\n            exception_class = WebDriverException\n    \n        if not value:\n            value = response[\"value\"]\n        if isinstance(value, str):\n            raise exception_class(value)\n        if message == \"\" and \"message\" in value:\n            message = value[\"message\"]\n    \n        screen = None  # type: ignore[assignment]\n        if \"screen\" in value:\n            screen = value[\"screen\"]\n    \n        stacktrace = None\n        st_value = value.get(\"stackTrace\") or value.get(\"stacktrace\")\n        if st_value:\n            if isinstance(st_value, str):\n                stacktrace = st_value.split(\"\\n\")\n            else:\n                stacktrace = []\n                try:\n                    for frame in st_value:\n                        line = frame.get(\"lineNumber\", \"\")\n                        file = frame.get(\"fileName\", \"<anonymous>\")\n                        if line:\n                            file = f\"{file}:{line}\"\n                        meth = frame.get(\"methodName\", \"<anonymous>\")\n                        if \"className\" in frame:\n                            meth = f\"{frame['className']}.{meth}\"\n                        msg = \"    at %s (%s)\"\n                        msg = msg % (meth, file)\n                        stacktrace.append(msg)\n                except TypeError:\n                    pass\n        if exception_class == UnexpectedAlertPresentException:\n            alert_text = None\n            if \"data\" in value:\n                alert_text = value[\"data\"].get(\"text\")\n            elif \"alert\" in value:\n                alert_text = value[\"alert\"].get(\"text\")\n            raise exception_class(message, screen, stacktrace, alert_text)  # type: ignore[call-arg]  # mypy is not smart enough here\n>       raise exception_class(message, screen, stacktrace)\nE       selenium.common.exceptions.NoSuchElementException: Message: no such element: Unable to locate element: {\"method\":\"css selector\",\"selector\":\"[class*=\"post-11340\"]\"}\nE         (Session info: chrome=124.0.6367.92); For documentation on this error, please visit: https://www.selenium.dev/documentation/webdriver/troubleshooting/errors#no-such-element-exception\nE       Stacktrace:\nE       \tGetHandleVerifier [0x00007FF731171502+60802]\nE       \t(No symbol) [0x00007FF7310EAC02]\nE       \t(No symbol) [0x00007FF730FA7CE4]\nE       \t(No symbol) [0x00007FF730FF6D4D]\nE       \t(No symbol) [0x00007FF730FF6E1C]\nE       \t(No symbol) [0x00007FF73103CE37]\nE       \t(No symbol) [0x00007FF73101ABBF]\nE       \t(No symbol) [0x00007FF73103A224]\nE       \t(No symbol) [0x00007FF73101A923]\nE       \t(No symbol) [0x00007FF730FE8FEC]\nE       \t(No symbol) [0x00007FF730FE9C21]\nE       \tGetHandleVerifier [0x00007FF73147411D+3217821]\nE       \tGetHandleVerifier [0x00007FF7314B60B7+3488055]\nE       \tGetHandleVerifier [0x00007FF7314AF03F+3459263]\nE       \tGetHandleVerifier [0x00007FF73122B846+823494]\nE       \t(No symbol) [0x00007FF7310F5F9F]\nE       \t(No symbol) [0x00007FF7310F0EC4]\nE       \t(No symbol) [0x00007FF7310F1052]\nE       \t(No symbol) [0x00007FF7310E18A4]\nE       \tBaseThreadInitThunk [0x00007FFCF14B7344+20]\nE       \tRtlUserThreadStart [0x00007FFCF1D626B1+33]\n\n..\\..\\AppData\\Local\\Programs\\Python\\Python312\\Lib\\site-packages\\selenium\\webdriver\\remote\\errorhandler.py:229: NoSuchElementException"}, "description": "\n    Test case WERT-1\n    ", "start": 1714691525403, "stop": 1714691538888, "uuid": "6e090375-7f6a-4393-b64e-9112b4a93881", "historyId": "b182a51fe23b38aee766531a5bd60411", "testCaseId": "b182a51fe23b38aee766531a5bd60411", "fullName": "tests.test_smoke#test_product_view_sku", "labels": [{"name": "parentSuite", "value": "tests"}, {"name": "suite", "value": "test_smoke"}, {"name": "host", "value": "DESKTOP-E2NUJ04"}, {"name": "thread", "value": "8968-MainThread"}, {"name": "framework", "value": "pytest"}, {"name": "language", "value": "cpython3"}, {"name": "package", "value": "tests.test_smoke"}]}